<?xml version="1.0" encoding="UTF-8"?>
<!-- Generated by org.testng.reporters.JUnitXMLReporter -->
<testsuite ignored="0" hostname="DESKTOP-EQ55Q8H" failures="0" tests="5" name="Default test" time="66.394" errors="0" timestamp="2024-11-26T11:03:25 IST">
  <testcase classname="test.OrangeHRMTest" name="testLogin" time="4.224"/>
  <testcase classname="test.OrangeHRMTest" name="testLogin" time="4.381"/>
  <testcase classname="test.OrangeHRMTest" name="testLogin" time="4.141"/>
  <testcase classname="test.OrangeHRMTest" name="testLogin" time="3.753"/>
  <testcase classname="test.OrangeHRMTest" name="testLogin" time="2.772"/>
</testsuite> <!-- Default test -->
