<?xml version="1.0" encoding="UTF-8"?>
<testng-results ignored="0" total="1" passed="1" failed="0" skipped="0">
  <reporter-output>
  </reporter-output>
  <suite started-at="2024-11-24T10:11:57 IST" name="Default suite" finished-at="2024-11-24T10:14:17 IST" duration-ms="140513">
    <groups>
    </groups>
    <test started-at="2024-11-24T10:11:57 IST" name="Default test" finished-at="2024-11-24T10:14:17 IST" duration-ms="140513">
      <class name="test2.C2_Demo2">
        <test-method is-config="true" signature="BeforeTest()[pri:0, instance:test2.C2_Demo2@e350b40]" started-at="2024-11-24T10:11:57 IST" name="BeforeTest" finished-at="2024-11-24T10:12:05 IST" duration-ms="8682" status="PASS">
          <reporter-output>
          </reporter-output>
        </test-method> <!-- BeforeTest -->
        <test-method signature="Admin()[pri:0, instance:test2.C2_Demo2@e350b40]" started-at="2024-11-24T10:12:05 IST" name="Admin" finished-at="2024-11-24T10:14:17 IST" duration-ms="131717" status="PASS">
          <reporter-output>
          </reporter-output>
        </test-method> <!-- Admin -->
      </class> <!-- test2.C2_Demo2 -->
    </test> <!-- Default test -->
  </suite> <!-- Default suite -->
</testng-results>
